{
  "run_id": "pkt-dome-livefix-0001",
  "iterations": [
    {
      "iteration": 1,
      "label": "im_helping",
      "task_id": "pkt-dome-livefix-0001-plan",
      "status": "PASS",
      "attempt": 1,
      "reason_code": null,
      "notes": "reproduced failing test: F                                                                        [100%]\n=================================== FAILURES ===================================\n________________________________ test_add_basic ________________________________\n\n    def test_add_basic() -> None:\n>       assert add(2, 3) == 5\nE       assert -1 == 5\nE        +  where -1 = add(2, 3)\n\nops/runtime/runs/pkt-dome-livefix-0001/workbench/tests/test_calculator.py:11: AssertionError\n=========================== short test summary info ============================\nFAILED ops/runtime/runs/pkt-dome-livefix-0001/workbench/tests/test_calculator.py::test_add_basic\n1 failed in 0.02s"
    },
    {
      "iteration": 2,
      "label": "choo_choo",
      "task_id": "pkt-dome-livefix-0001-implement",
      "status": "FAIL",
      "attempt": 1,
      "reason_code": "TRANSIENT.FIRST_ATTEMPT",
      "notes": "first implement attempt left failing state: F                                                                        [100%]\n=================================== FAILURES ===================================\n________________________________ test_add_basic ________________________________\n\n    def test_add_basic() -> None:\n>       assert add(2, 3) == 5\nE       assert -1 == 5\nE        +  where -1 = add(2, 3)\n\nops/runtime/runs/pkt-dome-livefix-0001/workbench/tests/test_calculator.py:11: AssertionError\n=========================== short test summary info ============================\nFAILED ops/runtime/runs/pkt-dome-livefix-0001/workbench/tests/test_calculator.py::test_add_basic\n1 failed in 0.02s"
    },
    {
      "iteration": 3,
      "label": "wookiee_repair",
      "task_id": "pkt-dome-livefix-0001-implement",
      "status": "PASS",
      "attempt": 2,
      "reason_code": null,
      "notes": "applied fix and reran tests: .                                                                        [100%]\n1 passed in 0.01s"
    },
    {
      "iteration": 4,
      "label": "verify_green",
      "task_id": "pkt-dome-livefix-0001-verify",
      "status": "PASS",
      "attempt": 1,
      "reason_code": null,
      "notes": ".                                                                        [100%]\n1 passed in 0.01s"
    }
  ]
}