{"payload": {"goal": "Reproduce failure in workbench tests", "task_id": "pkt-dome-livefix-0001-plan", "worker_model": "gpt-5.3"}, "run_id": "pkt-dome-livefix-0001", "topic": "task.assigned", "ts": "2026-02-14T18:51:16.942959Z"}
{"payload": {"attempt": 1, "attempt_history": [{"attempt": 1, "notes": "reproduced failing test: F                                                                        [100%]\n=================================== FAILURES ===================================\n________________________________ test_add_basic ________________________________\n\n    def test_add_basic() -> None:\n>       assert add(2, 3) == 5\nE       assert -1 == 5\nE        +  where -1 = add(2, 3)\n\nops/runtime/runs/pkt-dome-livefix-0001/workbench/tests/test_calculator.py:11: AssertionError\n=========================== short test summary info ============================\nFAILED ops/runtime/runs/pkt-dome-livefix-0001/workbench/tests/test_calculator.py::test_add_basic\n1 failed in 0.02s", "status": "PASS", "task_id": "pkt-dome-livefix-0001-plan", "worker_model": "gpt-5.3"}], "attempts": 1, "notes": "reproduced failing test: F                                                                        [100%]\n=================================== FAILURES ===================================\n________________________________ test_add_basic ________________________________\n\n    def test_add_basic() -> None:\n>       assert add(2, 3) == 5\nE       assert -1 == 5\nE        +  where -1 = add(2, 3)\n\nops/runtime/runs/pkt-dome-livefix-0001/workbench/tests/test_calculator.py:11: AssertionError\n=========================== short test summary info ============================\nFAILED ops/runtime/runs/pkt-dome-livefix-0001/workbench/tests/test_calculator.py::test_add_basic\n1 failed in 0.02s", "status": "PASS", "task_id": "pkt-dome-livefix-0001-plan", "worker_model": "gpt-5.3"}, "run_id": "pkt-dome-livefix-0001", "topic": "task.result", "ts": "2026-02-14T18:51:17.678187Z"}
{"payload": {"goal": "Implement fix iteratively until tests pass", "task_id": "pkt-dome-livefix-0001-implement", "worker_model": "gpt-5.2"}, "run_id": "pkt-dome-livefix-0001", "topic": "task.assigned", "ts": "2026-02-14T18:51:17.678568Z"}
{"payload": {"attempt": 2, "attempt_history": [{"attempt": 1, "notes": "first implement attempt left failing state: F                                                                        [100%]\n=================================== FAILURES ===================================\n________________________________ test_add_basic ________________________________\n\n    def test_add_basic() -> None:\n>       assert add(2, 3) == 5\nE       assert -1 == 5\nE        +  where -1 = add(2, 3)\n\nops/runtime/runs/pkt-dome-livefix-0001/workbench/tests/test_calculator.py:11: AssertionError\n=========================== short test summary info ============================\nFAILED ops/runtime/runs/pkt-dome-livefix-0001/workbench/tests/test_calculator.py::test_add_basic\n1 failed in 0.02s", "reason_code": "TRANSIENT.FIRST_ATTEMPT", "status": "FAIL", "task_id": "pkt-dome-livefix-0001-implement", "transient": true, "worker_model": "gpt-5.2"}, {"attempt": 2, "notes": "applied fix and reran tests: .                                                                        [100%]\n1 passed in 0.01s", "reason_code": null, "status": "PASS", "task_id": "pkt-dome-livefix-0001-implement", "worker_model": "gpt-5.2"}], "attempts": 2, "notes": "applied fix and reran tests: .                                                                        [100%]\n1 passed in 0.01s", "reason_code": null, "status": "PASS", "task_id": "pkt-dome-livefix-0001-implement", "worker_model": "gpt-5.2"}, "run_id": "pkt-dome-livefix-0001", "topic": "task.result", "ts": "2026-02-14T18:51:19.027079Z"}
{"payload": {"goal": "Verify tests remain green", "task_id": "pkt-dome-livefix-0001-verify", "worker_model": "gpt-5.3"}, "run_id": "pkt-dome-livefix-0001", "topic": "task.assigned", "ts": "2026-02-14T18:51:19.027493Z"}
{"payload": {"attempt": 1, "attempt_history": [{"attempt": 1, "notes": ".                                                                        [100%]\n1 passed in 0.01s", "reason_code": null, "status": "PASS", "task_id": "pkt-dome-livefix-0001-verify", "worker_model": "gpt-5.3"}], "attempts": 1, "notes": ".                                                                        [100%]\n1 passed in 0.01s", "reason_code": null, "status": "PASS", "task_id": "pkt-dome-livefix-0001-verify", "worker_model": "gpt-5.3"}, "run_id": "pkt-dome-livefix-0001", "topic": "task.result", "ts": "2026-02-14T18:51:19.675265Z"}
{"payload": {"attempts": 2, "evidence_bundle_path": "ops/runtime/runs/pkt-dome-livefix-0001/evidence/pkt-dome-livefix-0001-implement.evidence.bundle.telemetry.json", "status": "PASS", "task_id": "pkt-dome-livefix-0001-implement"}, "run_id": "pkt-dome-livefix-0001", "topic": "task.result", "ts": "2026-02-14T18:51:19.676772Z"}
{"payload": {"attempts": 1, "evidence_bundle_path": "ops/runtime/runs/pkt-dome-livefix-0001/evidence/pkt-dome-livefix-0001-plan.evidence.bundle.telemetry.json", "status": "PASS", "task_id": "pkt-dome-livefix-0001-plan"}, "run_id": "pkt-dome-livefix-0001", "topic": "task.result", "ts": "2026-02-14T18:51:19.677382Z"}
{"payload": {"attempts": 1, "evidence_bundle_path": "ops/runtime/runs/pkt-dome-livefix-0001/evidence/pkt-dome-livefix-0001-verify.evidence.bundle.telemetry.json", "status": "PASS", "task_id": "pkt-dome-livefix-0001-verify"}, "run_id": "pkt-dome-livefix-0001", "topic": "task.result", "ts": "2026-02-14T18:51:19.677914Z"}
